<?xml version="1.0" encoding="UTF-8"?>
<testsuite errors="0" failures="0" name="subhelpers_tests.MyTest-20190217204526" skipped="0" tests="1" time="0.002" timestamp="2019-02-17T20:45:26">
	<testcase classname="subhelpers_tests.MyTest" name="test" time="0.002" timestamp="2019-02-17T20:45:26"/>
	<system-out>
<![CDATA[]]>	</system-out>
	<system-err>
<![CDATA[]]>	</system-err>
</testsuite>
