<?xml version="1.0" encoding="UTF-8"?>
<testsuite errors="0" failures="0" name="subhelpers_tests.MyTest-20190217232615" skipped="0" tests="1" time="0.109" timestamp="2019-02-17T23:26:15">
	<testcase classname="subhelpers_tests.MyTest" name="test_cityname" time="0.109" timestamp="2019-02-17T23:26:15"/>
	<system-out>
<![CDATA[]]>	</system-out>
	<system-err>
<![CDATA[]]>	</system-err>
</testsuite>
