<?xml version="1.0" encoding="UTF-8"?>
<testsuite errors="0" failures="0" name="helpers_tests.MyTest-20190218002347" skipped="0" tests="1" time="1.490" timestamp="2019-02-18T00:23:48">
	<testcase classname="helpers_tests.MyTest" name="test_core" time="1.490" timestamp="2019-02-18T00:23:48"/>
	<system-out>
<![CDATA[]]>	</system-out>
	<system-err>
<![CDATA[]]>	</system-err>
</testsuite>
