<?xml version="1.0" encoding="UTF-8"?>
<testsuite errors="0" failures="0" name="subhelpers_tests.MyTest-20190218002343" skipped="0" tests="1" time="0.097" timestamp="2019-02-18T00:23:45">
	<testcase classname="subhelpers_tests.MyTest" name="test_cityname" time="0.097" timestamp="2019-02-18T00:23:45"/>
	<system-out>
<![CDATA[]]>	</system-out>
	<system-err>
<![CDATA[]]>	</system-err>
</testsuite>
