<?xml version="1.0" encoding="UTF-8"?>
<testsuite errors="0" failures="0" name="subhelpers_tests.MyTest-20190217214800" skipped="0" tests="1" time="0.211" timestamp="2019-02-17T21:48:00">
	<testcase classname="subhelpers_tests.MyTest" name="test_cityname" time="0.211" timestamp="2019-02-17T21:48:00"/>
	<system-out>
<![CDATA[]]>	</system-out>
	<system-err>
<![CDATA[]]>	</system-err>
</testsuite>
