<?xml version="1.0" encoding="UTF-8"?>
<testsuite errors="0" failures="0" name="subhelpers_tests.MyTest-20190217215838" skipped="0" tests="1" time="0.104" timestamp="2019-02-17T21:58:38">
	<testcase classname="subhelpers_tests.MyTest" name="test_cityname" time="0.104" timestamp="2019-02-17T21:58:38"/>
	<system-out>
<![CDATA[]]>	</system-out>
	<system-err>
<![CDATA[]]>	</system-err>
</testsuite>
