<?xml version="1.0" encoding="UTF-8"?>
<testsuite errors="0" failures="0" name="helpers_tests.MyTest-20190217214758" skipped="0" tests="1" time="0.000" timestamp="2019-02-17T21:47:58">
	<testcase classname="helpers_tests.MyTest" name="test_core" time="0.000" timestamp="2019-02-17T21:47:58"/>
	<system-out>
<![CDATA[]]>	</system-out>
	<system-err>
<![CDATA[]]>	</system-err>
</testsuite>
